<?xml version="1.0" encoding="UTF-8"?>
<!-- Generated by org.testng.reporters.JUnitReportReporter -->
<testsuite hostname="VASUNDHARA" failures="0" tests="2" name="mobiletestingdemo.Hybridapp1" time="28.597" errors="0" timestamp="2023-01-23T12:07:34 IST" skipped="1">
  <testcase classname="mobiletestingdemo.Hybridapp1" name="test2" time="28.597"/>
  <system-out/>
  <testcase classname="mobiletestingdemo.Hybridapp1" name="test1">
    <skipped/>
  </testcase> <!-- test1 -->
  <system-out/>
</testsuite> <!-- mobiletestingdemo.Hybridapp1 -->
