<?xml version="1.0" encoding="UTF-8"?>
<!-- Generated by org.testng.reporters.JUnitReportReporter -->
<testsuite hostname="VASUNDHARA" failures="0" tests="1" name="mobiletestingdemo.Demo1" time="19.794" errors="0" timestamp="2023-01-19T12:50:56 IST" skipped="0">
  <testcase classname="mobiletestingdemo.Demo1" name="tc" time="19.794"/>
  <system-out/>
</testsuite> <!-- mobiletestingdemo.Demo1 -->
