<?xml version="1.0" encoding="UTF-8"?>
<!-- Generated by org.testng.reporters.JUnitReportReporter -->
<testsuite hostname="VASUNDHARA" failures="0" tests="1" name="mobiletestingdemo.BanjaraRide" time="28.166" errors="0" timestamp="2023-02-16T12:51:48 IST" skipped="0">
  <testcase classname="mobiletestingdemo.BanjaraRide" name="test1" time="28.166"/>
  <system-out/>
</testsuite> <!-- mobiletestingdemo.BanjaraRide -->
