<?xml version="1.0" encoding="UTF-8"?>
<!-- Generated by org.testng.reporters.JUnitReportReporter -->
<testsuite hostname="VASUNDHARA" failures="0" tests="1" name="mobiletestingdemo.Nativeapp" time="3.276" errors="0" timestamp="2023-01-24T11:47:34 IST" skipped="0">
  <testcase classname="mobiletestingdemo.Nativeapp" name="test1" time="3.276"/>
  <system-out/>
</testsuite> <!-- mobiletestingdemo.Nativeapp -->
