<?xml version="1.0" encoding="UTF-8"?>
<!-- Generated by org.testng.reporters.JUnitReportReporter -->
<testsuite hostname="VASUNDHARA" failures="0" tests="1" name="mobiletestingdemo.KhanAccademy" time="39.983" errors="0" timestamp="2023-01-25T11:55:31 IST" skipped="0">
  <testcase classname="mobiletestingdemo.KhanAccademy" name="test1" time="39.983"/>
  <system-out/>
</testsuite> <!-- mobiletestingdemo.KhanAccademy -->
